TN:gcov_report
SF:/Users/jettajac/Documents/CPP/calculator/Mycalc/src/controller.cc
FN:13,_ZN3s2110Controller9SmartCalcENSt7__cxx1112basic_stringIcSt11char_traitsIcESaIcEEES6_Rd
FNDA:122,_ZN3s2110Controller9SmartCalcENSt7__cxx1112basic_stringIcSt11char_traitsIcESaIcEEES6_Rd
FN:20,_ZN3s2110Controller11CalcCreditCERNS_7CreditM8Credit_tE
FNDA:4,_ZN3s2110Controller11CalcCreditCERNS_7CreditM8Credit_tE
FNF:2
FNH:2
DA:13,122
DA:15,122
DA:16,122
DA:17,122
DA:20,4
DA:21,4
DA:22,4
LF:7
LH:7
end_of_record
SF:/usr/local/include/c++/10.3.0/iostream
LF:0
LH:0
end_of_record
TN:gcov_report
SF:/Users/jettajac/Documents/CPP/calculator/Mycalc/src/credit.cc
FN:22,_ZN3s217CreditM10CalcCreditERNS0_8Credit_tE
FNDA:4,_ZN3s217CreditM10CalcCreditERNS0_8Credit_tE
FNF:1
FNH:1
DA:22,4
DA:23,4
DA:24,4
DA:25,4
DA:26,4
DA:27,4
DA:28,4
DA:29,4
DA:30,4
DA:32,4
DA:33,2
DA:34,14
DA:35,12
DA:36,12
DA:37,12
DA:38,2
DA:39,10
DA:40,2
DA:42,12
DA:43,12
DA:48,2
DA:50,2
DA:51,2
DA:52,2
DA:53,2
DA:54,2
DA:55,2
DA:59,2
DA:61,4
LF:29
LH:29
end_of_record
SF:/usr/local/include/c++/10.3.0/iostream
LF:0
LH:0
end_of_record
TN:gcov_report
SF:/usr/local/include/c++/10.3.0/bits/char_traits.h
FN:106,_ZN9__gnu_cxx11char_traitsIcE2eqERKcS3_
FNDA:0,_ZN9__gnu_cxx11char_traitsIcE2eqERKcS3_
FN:167,_ZN9__gnu_cxx11char_traitsIcE6lengthEPKc
FNDA:0,_ZN9__gnu_cxx11char_traitsIcE6lengthEPKc
FN:365,_ZNSt11char_traitsIcE6lengthEPKc
FNDA:234,_ZNSt11char_traitsIcE6lengthEPKc
FNF:3
FNH:1
DA:106,0
DA:107,0
DA:167,0
DA:170,0
DA:171,0
DA:172,0
DA:173,0
DA:262,234
DA:365,234
DA:368,234
DA:369,0
DA:371,234
LF:12
LH:4
end_of_record
SF:/usr/local/include/c++/10.3.0/tuple
FN:117,_ZNSt10_Head_baseILm1ESt14default_deleteINSt7__cxx1118basic_stringstreamIcSt11char_traitsIcESaIcEEEELb1EE7_M_headERS8_
FNDA:0,_ZNSt10_Head_baseILm1ESt14default_deleteINSt7__cxx1118basic_stringstreamIcSt11char_traitsIcESaIcEEEELb1EE7_M_headERS8_
FN:117,_ZNSt10_Head_baseILm1ESt14default_deleteINSt7__cxx1112basic_stringIcSt11char_traitsIcESaIcEEEELb1EE7_M_headERS8_
FNDA:0,_ZNSt10_Head_baseILm1ESt14default_deleteINSt7__cxx1112basic_stringIcSt11char_traitsIcESaIcEEEELb1EE7_M_headERS8_
FN:166,_ZNSt10_Head_baseILm0EPNSt7__cxx1112basic_stringIcSt11char_traitsIcESaIcEEELb0EE7_M_headERS7_
FNDA:146,_ZNSt10_Head_baseILm0EPNSt7__cxx1112basic_stringIcSt11char_traitsIcESaIcEEELb0EE7_M_headERS7_
FN:166,_ZNSt10_Head_baseILm0EPNSt7__cxx1118basic_stringstreamIcSt11char_traitsIcESaIcEEELb0EE7_M_headERS7_
FNDA:122,_ZNSt10_Head_baseILm0EPNSt7__cxx1118basic_stringstreamIcSt11char_traitsIcESaIcEEELb0EE7_M_headERS7_
FN:169,_ZNSt10_Head_baseILm0EPNSt7__cxx1112basic_stringIcSt11char_traitsIcESaIcEEELb0EE7_M_headERKS7_
FNDA:0,_ZNSt10_Head_baseILm0EPNSt7__cxx1112basic_stringIcSt11char_traitsIcESaIcEEELb0EE7_M_headERKS7_
FN:201,_ZNSt11_Tuple_implILm0EJPNSt7__cxx1112basic_stringIcSt11char_traitsIcESaIcEEESt14default_deleteIS5_EEE7_M_headERS9_
FNDA:146,_ZNSt11_Tuple_implILm0EJPNSt7__cxx1112basic_stringIcSt11char_traitsIcESaIcEEESt14default_deleteIS5_EEE7_M_headERS9_
FN:201,_ZNSt11_Tuple_implILm0EJPNSt7__cxx1118basic_stringstreamIcSt11char_traitsIcESaIcEEESt14default_deleteIS5_EEE7_M_headERS9_
FNDA:0,_ZNSt11_Tuple_implILm0EJPNSt7__cxx1118basic_stringstreamIcSt11char_traitsIcESaIcEEESt14default_deleteIS5_EEE7_M_headERS9_
FN:204,_ZNSt11_Tuple_implILm0EJPNSt7__cxx1112basic_stringIcSt11char_traitsIcESaIcEEESt14default_deleteIS5_EEE7_M_headERKS9_
FNDA:0,_ZNSt11_Tuple_implILm0EJPNSt7__cxx1112basic_stringIcSt11char_traitsIcESaIcEEESt14default_deleteIS5_EEE7_M_headERKS9_
FN:349,_ZNSt11_Tuple_implILm1EJSt14default_deleteINSt7__cxx1112basic_stringIcSt11char_traitsIcESaIcEEEEEE7_M_headERS8_
FNDA:0,_ZNSt11_Tuple_implILm1EJSt14default_deleteINSt7__cxx1112basic_stringIcSt11char_traitsIcESaIcEEEEEE7_M_headERS8_
FN:349,_ZNSt11_Tuple_implILm1EJSt14default_deleteINSt7__cxx1118basic_stringstreamIcSt11char_traitsIcESaIcEEEEEE7_M_headERS8_
FNDA:61,_ZNSt11_Tuple_implILm1EJSt14default_deleteINSt7__cxx1118basic_stringstreamIcSt11char_traitsIcESaIcEEEEEE7_M_headERS8_
FN:1287,_ZSt12__get_helperILm1ESt14default_deleteINSt7__cxx1118basic_stringstreamIcSt11char_traitsIcESaIcEEEEJEERT0_RSt11_Tuple_implIXT_EJS8_DpT1_EE
FNDA:0,_ZSt12__get_helperILm1ESt14default_deleteINSt7__cxx1118basic_stringstreamIcSt11char_traitsIcESaIcEEEEJEERT0_RSt11_Tuple_implIXT_EJS8_DpT1_EE
FN:1287,_ZSt12__get_helperILm0EPNSt7__cxx1118basic_stringstreamIcSt11char_traitsIcESaIcEEEJSt14default_deleteIS5_EEERT0_RSt11_Tuple_implIXT_EJS9_DpT1_EE
FNDA:122,_ZSt12__get_helperILm0EPNSt7__cxx1118basic_stringstreamIcSt11char_traitsIcESaIcEEEJSt14default_deleteIS5_EEERT0_RSt11_Tuple_implIXT_EJS9_DpT1_EE
FN:1287,_ZSt12__get_helperILm0EPNSt7__cxx1112basic_stringIcSt11char_traitsIcESaIcEEEJSt14default_deleteIS5_EEERT0_RSt11_Tuple_implIXT_EJS9_DpT1_EE
FNDA:146,_ZSt12__get_helperILm0EPNSt7__cxx1112basic_stringIcSt11char_traitsIcESaIcEEEJSt14default_deleteIS5_EEERT0_RSt11_Tuple_implIXT_EJS9_DpT1_EE
FN:1287,_ZSt12__get_helperILm1ESt14default_deleteINSt7__cxx1112basic_stringIcSt11char_traitsIcESaIcEEEEJEERT0_RSt11_Tuple_implIXT_EJS8_DpT1_EE
FNDA:0,_ZSt12__get_helperILm1ESt14default_deleteINSt7__cxx1112basic_stringIcSt11char_traitsIcESaIcEEEEJEERT0_RSt11_Tuple_implIXT_EJS8_DpT1_EE
FN:1292,_ZSt12__get_helperILm0EPNSt7__cxx1112basic_stringIcSt11char_traitsIcESaIcEEEJSt14default_deleteIS5_EEERKT0_RKSt11_Tuple_implIXT_EJS9_DpT1_EE
FNDA:0,_ZSt12__get_helperILm0EPNSt7__cxx1112basic_stringIcSt11char_traitsIcESaIcEEEJSt14default_deleteIS5_EEERKT0_RKSt11_Tuple_implIXT_EJS9_DpT1_EE
FN:1298,_ZSt3getILm1EJPNSt7__cxx1112basic_stringIcSt11char_traitsIcESaIcEEESt14default_deleteIS5_EEERNSt13tuple_elementIXT_ESt5tupleIJDpT0_EEE4typeERSD_
FNDA:0,_ZSt3getILm1EJPNSt7__cxx1112basic_stringIcSt11char_traitsIcESaIcEEESt14default_deleteIS5_EEERNSt13tuple_elementIXT_ESt5tupleIJDpT0_EEE4typeERSD_
FN:1298,_ZSt3getILm1EJPNSt7__cxx1118basic_stringstreamIcSt11char_traitsIcESaIcEEESt14default_deleteIS5_EEERNSt13tuple_elementIXT_ESt5tupleIJDpT0_EEE4typeERSD_
FNDA:61,_ZSt3getILm1EJPNSt7__cxx1118basic_stringstreamIcSt11char_traitsIcESaIcEEESt14default_deleteIS5_EEERNSt13tuple_elementIXT_ESt5tupleIJDpT0_EEE4typeERSD_
FN:1298,_ZSt3getILm0EJPNSt7__cxx1112basic_stringIcSt11char_traitsIcESaIcEEESt14default_deleteIS5_EEERNSt13tuple_elementIXT_ESt5tupleIJDpT0_EEE4typeERSD_
FNDA:146,_ZSt3getILm0EJPNSt7__cxx1112basic_stringIcSt11char_traitsIcESaIcEEESt14default_deleteIS5_EEERNSt13tuple_elementIXT_ESt5tupleIJDpT0_EEE4typeERSD_
FN:1298,_ZSt3getILm0EJPNSt7__cxx1118basic_stringstreamIcSt11char_traitsIcESaIcEEESt14default_deleteIS5_EEERNSt13tuple_elementIXT_ESt5tupleIJDpT0_EEE4typeERSD_
FNDA:122,_ZSt3getILm0EJPNSt7__cxx1118basic_stringstreamIcSt11char_traitsIcESaIcEEESt14default_deleteIS5_EEERNSt13tuple_elementIXT_ESt5tupleIJDpT0_EEE4typeERSD_
FN:1304,_ZSt3getILm0EJPNSt7__cxx1112basic_stringIcSt11char_traitsIcESaIcEEESt14default_deleteIS5_EEERKNSt13tuple_elementIXT_ESt5tupleIJDpT0_EEE4typeERKSD_
FNDA:0,_ZSt3getILm0EJPNSt7__cxx1112basic_stringIcSt11char_traitsIcESaIcEEESt14default_deleteIS5_EEERKNSt13tuple_elementIXT_ESt5tupleIJDpT0_EEE4typeERKSD_
FNF:20
FNH:9
DA:117,0
DA:117,0
DA:166,146
DA:166,122
DA:169,0
DA:201,146
DA:201,0
DA:204,0
DA:349,0
DA:349,61
DA:1287,0
DA:1288,0
DA:1287,0
DA:1288,0
DA:1287,146
DA:1288,146
DA:1287,122
DA:1288,122
DA:1292,0
DA:1293,0
DA:1298,0
DA:1299,0
DA:1298,61
DA:1299,61
DA:1298,146
DA:1299,146
DA:1298,122
DA:1299,122
DA:1304,0
DA:1305,0
LF:30
LH:14
end_of_record
SF:/usr/local/include/c++/10.3.0/iostream
LF:0
LH:0
end_of_record
SF:/usr/local/include/c++/10.3.0/bits/stl_iterator_base_funcs.h
FN:98,_ZSt10__distanceIPKcENSt15iterator_traitsIT_E15difference_typeES3_S3_St26random_access_iterator_tag
FNDA:4223,_ZSt10__distanceIPKcENSt15iterator_traitsIT_E15difference_typeES3_S3_St26random_access_iterator_tag
FN:138,_ZSt8distanceIPKcENSt15iterator_traitsIT_E15difference_typeES3_S3_
FNDA:4223,_ZSt8distanceIPKcENSt15iterator_traitsIT_E15difference_typeES3_S3_
FNF:2
FNH:2
DA:98,4223
DA:104,4223
DA:138,4223
DA:141,4223
DA:142,8446
LF:5
LH:5
end_of_record
SF:/usr/local/include/c++/10.3.0/bits/basic_string.tcc
FN:206,_ZNSt7__cxx1112basic_stringIcSt11char_traitsIcESaIcEE12_M_constructIPKcEEvT_S8_St20forward_iterator_tag
FNDA:4223,_ZNSt7__cxx1112basic_stringIcSt11char_traitsIcESaIcEE12_M_constructIPKcEEvT_S8_St20forward_iterator_tag
FNF:1
FNH:1
DA:206,4223
DA:211,4223
DA:212,0
DA:215,4223
DA:217,4223
DA:219,34
DA:220,34
DA:225,4223
DA:226,0
DA:228,0
DA:229,0
DA:232,4223
DA:233,4223
LF:13
LH:9
end_of_record
SF:/usr/local/include/gtest/internal/gtest-internal.h
FN:456,_ZN7testing8internal15TestFactoryBaseD2Ev
FNDA:0,_ZN7testing8internal15TestFactoryBaseD2Ev
FN:463,_ZN7testing8internal15TestFactoryBaseC2Ev
FNDA:0,_ZN7testing8internal15TestFactoryBaseC2Ev
FN:474,_ZN7testing8internal15TestFactoryImplI26Calc_MatematikaSimple_TestE10CreateTestEv
FNDA:1,_ZN7testing8internal15TestFactoryImplI26Calc_MatematikaSimple_TestE10CreateTestEv
FN:474,_ZN7testing8internal15TestFactoryImplI26Calc_MatematikaTrig_1_TestE10CreateTestEv
FNDA:1,_ZN7testing8internal15TestFactoryImplI26Calc_MatematikaTrig_1_TestE10CreateTestEv
FN:474,_ZN7testing8internal15TestFactoryImplI23Calc_MatematikaLog_TestE10CreateTestEv
FNDA:1,_ZN7testing8internal15TestFactoryImplI23Calc_MatematikaLog_TestE10CreateTestEv
FN:474,_ZN7testing8internal15TestFactoryImplI23Calc_MatematikaMod_TestE10CreateTestEv
FNDA:1,_ZN7testing8internal15TestFactoryImplI23Calc_MatematikaMod_TestE10CreateTestEv
FN:474,_ZN7testing8internal15TestFactoryImplI23Calc_MatematikaPow_TestE10CreateTestEv
FNDA:1,_ZN7testing8internal15TestFactoryImplI23Calc_MatematikaPow_TestE10CreateTestEv
FN:474,_ZN7testing8internal15TestFactoryImplI21Calc_MatematikaX_TestE10CreateTestEv
FNDA:1,_ZN7testing8internal15TestFactoryImplI21Calc_MatematikaX_TestE10CreateTestEv
FN:474,_ZN7testing8internal15TestFactoryImplI23Calc_MatematikaErr_TestE10CreateTestEv
FNDA:1,_ZN7testing8internal15TestFactoryImplI23Calc_MatematikaErr_TestE10CreateTestEv
FN:474,_ZN7testing8internal15TestFactoryImplI23Calc_MatematikaExp_TestE10CreateTestEv
FNDA:1,_ZN7testing8internal15TestFactoryImplI23Calc_MatematikaExp_TestE10CreateTestEv
FN:474,_ZN7testing8internal15TestFactoryImplI21Calc_credit_calc_TestE10CreateTestEv
FNDA:1,_ZN7testing8internal15TestFactoryImplI21Calc_credit_calc_TestE10CreateTestEv
FN:495,_ZN7testing8internal12CodeLocationC1ERKNSt7__cxx1112basic_stringIcSt11char_traitsIcESaIcEEEi
FNDA:9,_ZN7testing8internal12CodeLocationC1ERKNSt7__cxx1112basic_stringIcSt11char_traitsIcESaIcEEEi
FN:508,_ZN7testing8internal19GetNotDefaultOrNullEPFvvES2_
FNDA:36,_ZN7testing8internal19GetNotDefaultOrNullEPFvvES2_
FN:523,_ZN7testing8internal16SuiteApiResolverINS_4TestEE19GetSetUpCaseOrSuiteEPKci
FNDA:9,_ZN7testing8internal16SuiteApiResolverINS_4TestEE19GetSetUpCaseOrSuiteEPKci
FN:544,_ZN7testing8internal16SuiteApiResolverINS_4TestEE22GetTearDownCaseOrSuiteEPKci
FNDA:9,_ZN7testing8internal16SuiteApiResolverINS_4TestEE22GetTearDownCaseOrSuiteEPKci
FNF:15
FNH:13
DA:456,0
DA:463,0
DA:474,1
DA:474,1
DA:474,1
DA:474,1
DA:474,1
DA:474,1
DA:474,1
DA:474,1
DA:474,1
DA:495,9
DA:496,9
DA:508,36
DA:510,36
DA:523,9
DA:527,9
DA:529,9
DA:531,9
DA:534,0
DA:536,9
DA:544,9
DA:548,9
DA:550,9
DA:552,9
DA:555,0
DA:557,9
LF:27
LH:23
end_of_record
SF:/Users/jettajac/Documents/CPP/calculator/Mycalc/src/mytest_calc.cc
FN:17,_ZN26Calc_MatematikaSimple_TestC1Ev
FNDA:1,_ZN26Calc_MatematikaSimple_TestC1Ev
FN:17,_ZN26Calc_MatematikaSimple_Test8TestBodyEv
FNDA:1,_ZN26Calc_MatematikaSimple_Test8TestBodyEv
FN:17,_ZN26Calc_MatematikaSimple_TestD1Ev
FNDA:1,_ZN26Calc_MatematikaSimple_TestD1Ev
FN:17,_ZN26Calc_MatematikaSimple_TestD0Ev
FNDA:1,_ZN26Calc_MatematikaSimple_TestD0Ev
FN:109,_ZN26Calc_MatematikaTrig_1_TestC1Ev
FNDA:1,_ZN26Calc_MatematikaTrig_1_TestC1Ev
FN:109,_ZN26Calc_MatematikaTrig_1_Test8TestBodyEv
FNDA:1,_ZN26Calc_MatematikaTrig_1_Test8TestBodyEv
FN:109,_ZN26Calc_MatematikaTrig_1_TestD1Ev
FNDA:1,_ZN26Calc_MatematikaTrig_1_TestD1Ev
FN:109,_ZN26Calc_MatematikaTrig_1_TestD0Ev
FNDA:1,_ZN26Calc_MatematikaTrig_1_TestD0Ev
FN:167,_ZN23Calc_MatematikaLog_TestC1Ev
FNDA:1,_ZN23Calc_MatematikaLog_TestC1Ev
FN:167,_ZN23Calc_MatematikaLog_TestD0Ev
FNDA:1,_ZN23Calc_MatematikaLog_TestD0Ev
FN:167,_ZN23Calc_MatematikaLog_TestD1Ev
FNDA:1,_ZN23Calc_MatematikaLog_TestD1Ev
FN:167,_ZN23Calc_MatematikaLog_Test8TestBodyEv
FNDA:1,_ZN23Calc_MatematikaLog_Test8TestBodyEv
FN:196,_ZN23Calc_MatematikaMod_TestC1Ev
FNDA:1,_ZN23Calc_MatematikaMod_TestC1Ev
FN:196,_ZN23Calc_MatematikaMod_Test8TestBodyEv
FNDA:1,_ZN23Calc_MatematikaMod_Test8TestBodyEv
FN:196,_ZN23Calc_MatematikaMod_TestD0Ev
FNDA:1,_ZN23Calc_MatematikaMod_TestD0Ev
FN:196,_ZN23Calc_MatematikaMod_TestD1Ev
FNDA:1,_ZN23Calc_MatematikaMod_TestD1Ev
FN:216,_ZN23Calc_MatematikaPow_TestD0Ev
FNDA:1,_ZN23Calc_MatematikaPow_TestD0Ev
FN:216,_ZN23Calc_MatematikaPow_Test8TestBodyEv
FNDA:1,_ZN23Calc_MatematikaPow_Test8TestBodyEv
FN:216,_ZN23Calc_MatematikaPow_TestD1Ev
FNDA:1,_ZN23Calc_MatematikaPow_TestD1Ev
FN:216,_ZN23Calc_MatematikaPow_TestC1Ev
FNDA:1,_ZN23Calc_MatematikaPow_TestC1Ev
FN:234,_ZN21Calc_MatematikaX_TestD0Ev
FNDA:1,_ZN21Calc_MatematikaX_TestD0Ev
FN:234,_ZN21Calc_MatematikaX_TestD1Ev
FNDA:1,_ZN21Calc_MatematikaX_TestD1Ev
FN:234,_ZN21Calc_MatematikaX_TestC1Ev
FNDA:1,_ZN21Calc_MatematikaX_TestC1Ev
FN:234,_ZN21Calc_MatematikaX_Test8TestBodyEv
FNDA:1,_ZN21Calc_MatematikaX_Test8TestBodyEv
FN:277,_ZN23Calc_MatematikaErr_TestD1Ev
FNDA:1,_ZN23Calc_MatematikaErr_TestD1Ev
FN:277,_ZN23Calc_MatematikaErr_Test8TestBodyEv
FNDA:1,_ZN23Calc_MatematikaErr_Test8TestBodyEv
FN:277,_ZN23Calc_MatematikaErr_TestD0Ev
FNDA:1,_ZN23Calc_MatematikaErr_TestD0Ev
FN:277,_ZN23Calc_MatematikaErr_TestC1Ev
FNDA:1,_ZN23Calc_MatematikaErr_TestC1Ev
FN:320,_ZN23Calc_MatematikaExp_Test8TestBodyEv
FNDA:1,_ZN23Calc_MatematikaExp_Test8TestBodyEv
FN:320,_ZN23Calc_MatematikaExp_TestD1Ev
FNDA:1,_ZN23Calc_MatematikaExp_TestD1Ev
FN:320,_ZN23Calc_MatematikaExp_TestD0Ev
FNDA:1,_ZN23Calc_MatematikaExp_TestD0Ev
FN:320,_ZN23Calc_MatematikaExp_TestC1Ev
FNDA:1,_ZN23Calc_MatematikaExp_TestC1Ev
FN:379,_ZN21Calc_credit_calc_TestD1Ev
FNDA:1,_ZN21Calc_credit_calc_TestD1Ev
FN:379,_ZN21Calc_credit_calc_Test8TestBodyEv
FNDA:1,_ZN21Calc_credit_calc_Test8TestBodyEv
FN:379,_ZN21Calc_credit_calc_TestD0Ev
FNDA:1,_ZN21Calc_credit_calc_TestD0Ev
FN:379,_ZN21Calc_credit_calc_TestC1Ev
FNDA:1,_ZN21Calc_credit_calc_TestC1Ev
FN:424,main
FNDA:1,main
FNF:37
FNH:37
DA:17,1
DA:17,1
DA:17,1
DA:17,1
DA:18,1
DA:19,1
DA:20,1
DA:21,2
DA:23,1
DA:24,1
DA:26,1
DA:27,1
DA:28,1
DA:30,1
DA:31,1
DA:33,1
DA:34,1
DA:36,1
DA:37,1
DA:39,1
DA:40,1
DA:42,1
DA:43,1
DA:45,1
DA:46,1
DA:48,1
DA:49,1
DA:51,1
DA:52,1
DA:54,1
DA:55,1
DA:57,1
DA:58,1
DA:60,1
DA:61,1
DA:63,1
DA:64,1
DA:66,1
DA:67,1
DA:69,1
DA:70,1
DA:72,1
DA:73,1
DA:75,1
DA:76,1
DA:78,1
DA:79,1
DA:81,1
DA:82,1
DA:84,1
DA:85,1
DA:87,1
DA:89,1
DA:91,1
DA:93,1
DA:94,1
DA:97,1
DA:98,1
DA:99,1
DA:101,1
DA:102,1
DA:103,1
DA:105,1
DA:106,1
DA:107,1
DA:109,1
DA:109,1
DA:109,1
DA:109,1
DA:110,1
DA:111,1
DA:113,1
DA:114,1
DA:115,1
DA:117,1
DA:118,1
DA:119,1
DA:121,1
DA:122,1
DA:123,1
DA:125,1
DA:126,1
DA:127,1
DA:129,1
DA:130,1
DA:131,1
DA:133,1
DA:134,1
DA:135,1
DA:137,1
DA:138,1
DA:139,1
DA:141,1
DA:142,1
DA:143,1
DA:145,1
DA:146,1
DA:147,1
DA:149,1
DA:150,1
DA:151,1
DA:153,1
DA:154,1
DA:155,1
DA:157,1
DA:158,1
DA:159,1
DA:161,1
DA:162,1
DA:163,1
DA:164,1
DA:165,1
DA:167,1
DA:167,1
DA:167,1
DA:167,1
DA:168,1
DA:169,1
DA:171,1
DA:172,1
DA:173,1
DA:175,1
DA:176,1
DA:177,1
DA:179,1
DA:180,1
DA:181,1
DA:183,1
DA:184,1
DA:185,1
DA:187,1
DA:188,1
DA:189,1
DA:191,1
DA:192,1
DA:193,1
DA:194,1
DA:196,1
DA:196,1
DA:196,1
DA:196,1
DA:197,1
DA:198,1
DA:200,1
DA:201,1
DA:203,1
DA:204,1
DA:206,1
DA:207,1
DA:209,1
DA:210,1
DA:212,1
DA:213,1
DA:214,1
DA:216,1
DA:216,1
DA:216,1
DA:216,1
DA:217,1
DA:218,1
DA:220,1
DA:221,1
DA:223,1
DA:224,1
DA:226,1
DA:227,1
DA:229,1
DA:230,1
DA:231,1
DA:232,1
DA:234,1
DA:234,1
DA:234,1
DA:234,1
DA:235,1
DA:236,1
DA:238,1
DA:239,1
DA:241,1
DA:242,1
DA:244,1
DA:245,1
DA:247,1
DA:248,1
DA:250,1
DA:251,1
DA:253,1
DA:254,1
DA:256,1
DA:258,1
DA:259,1
DA:261,1
DA:262,1
DA:264,1
DA:265,1
DA:267,1
DA:268,1
DA:270,1
DA:271,1
DA:273,1
DA:274,1
DA:275,1
DA:277,1
DA:277,1
DA:277,1
DA:277,1
DA:278,1
DA:279,1
DA:281,1
DA:282,1
DA:283,1
DA:284,1
DA:285,1
DA:286,1
DA:287,1
DA:288,1
DA:289,1
DA:290,1
DA:291,1
DA:292,1
DA:293,1
DA:294,1
DA:295,1
DA:296,1
DA:297,1
DA:298,1
DA:299,1
DA:300,1
DA:301,1
DA:302,1
DA:303,1
DA:304,1
DA:305,1
DA:306,1
DA:307,1
DA:308,1
DA:309,1
DA:310,1
DA:311,1
DA:312,1
DA:313,1
DA:314,1
DA:315,1
DA:316,1
DA:317,1
DA:318,1
DA:320,1
DA:320,1
DA:320,1
DA:320,1
DA:321,2
DA:322,1
DA:324,1
DA:325,1
DA:326,1
DA:328,1
DA:330,1
DA:331,1
DA:332,1
DA:333,1
DA:334,1
DA:335,1
DA:336,1
DA:337,1
DA:338,1
DA:339,1
DA:340,1
DA:341,1
DA:342,1
DA:343,1
DA:344,1
DA:345,1
DA:346,1
DA:347,1
DA:348,1
DA:349,1
DA:350,1
DA:351,1
DA:352,1
DA:353,1
DA:354,1
DA:355,1
DA:356,1
DA:357,1
DA:358,1
DA:359,1
DA:379,1
DA:379,1
DA:379,1
DA:379,1
DA:381,1
DA:382,1
DA:383,1
DA:384,1
DA:385,1
DA:386,1
DA:387,1
DA:388,1
DA:390,1
DA:391,1
DA:392,1
DA:393,1
DA:395,1
DA:396,1
DA:397,1
DA:399,1
DA:400,1
DA:401,1
DA:402,1
DA:404,1
DA:405,1
DA:407,1
DA:408,1
DA:409,1
DA:410,1
DA:411,1
DA:412,1
DA:414,1
DA:415,1
DA:416,1
DA:418,1
DA:419,1
DA:420,1
DA:421,1
DA:422,1
DA:424,1
DA:425,1
DA:426,1
LF:328
LH:328
end_of_record
SF:/usr/local/include/c++/10.3.0/ext/type_traits.h
FN:152,_ZN9__gnu_cxx17__is_null_pointerIKcEEbPT_
FNDA:4223,_ZN9__gnu_cxx17__is_null_pointerIKcEEbPT_
FNF:1
FNH:1
DA:152,4223
DA:153,4223
LF:2
LH:2
end_of_record
SF:/usr/local/include/gtest/gtest.h
FN:244,_ZN7testing4Test14SetUpTestSuiteEv
FNDA:0,_ZN7testing4Test14SetUpTestSuiteEv
FN:252,_ZN7testing4Test17TearDownTestSuiteEv
FNDA:0,_ZN7testing4Test17TearDownTestSuiteEv
FN:257,_ZN7testing4Test16TearDownTestCaseEv
FNDA:0,_ZN7testing4Test16TearDownTestCaseEv
FN:258,_ZN7testing4Test13SetUpTestCaseEv
FNDA:0,_ZN7testing4Test13SetUpTestCaseEv
FN:339,_ZN7testing4Test5SetupEv
FNDA:0,_ZN7testing4Test5SetupEv
FN:1343,_ZN7testing8internal18CmpHelperEQFailureIiiEENS_15AssertionResultEPKcS4_RKT_RKT0_
FNDA:0,_ZN7testing8internal18CmpHelperEQFailureIiiEENS_15AssertionResultEPKcS4_RKT_RKT0_
FN:1343,_ZN7testing8internal18CmpHelperEQFailureIbbEENS_15AssertionResultEPKcS4_RKT_RKT0_
FNDA:0,_ZN7testing8internal18CmpHelperEQFailureIbbEENS_15AssertionResultEPKcS4_RKT_RKT0_
FN:1362,_ZN7testing8internal11CmpHelperEQIiiEENS_15AssertionResultEPKcS4_RKT_RKT0_
FNDA:21,_ZN7testing8internal11CmpHelperEQIiiEENS_15AssertionResultEPKcS4_RKT_RKT0_
FN:1362,_ZN7testing8internal11CmpHelperEQIbbEENS_15AssertionResultEPKcS4_RKT_RKT0_
FNDA:125,_ZN7testing8internal11CmpHelperEQIbbEENS_15AssertionResultEPKcS4_RKT_RKT0_
FN:1382,_ZN7testing8internal8EqHelper7CompareIiiLPv0EEENS_15AssertionResultEPKcS6_RKT_RKT0_
FNDA:21,_ZN7testing8internal8EqHelper7CompareIiiLPv0EEENS_15AssertionResultEPKcS6_RKT_RKT0_
FN:1382,_ZN7testing8internal8EqHelper7CompareIbbLPv0EEENS_15AssertionResultEPKcS6_RKT_RKT0_
FNDA:125,_ZN7testing8internal8EqHelper7CompareIbbLPv0EEENS_15AssertionResultEPKcS6_RKT_RKT0_
FN:2310,_Z13RUN_ALL_TESTSv
FNDA:1,_Z13RUN_ALL_TESTSv
FNF:12
FNH:5
DA:244,0
DA:252,0
DA:257,0
DA:258,0
DA:339,0
DA:1343,0
DA:1350,0
DA:1343,0
DA:1350,0
DA:1362,21
DA:1366,21
DA:1367,21
DA:1370,0
DA:1362,125
DA:1366,125
DA:1367,125
DA:1370,0
DA:1382,21
DA:1385,21
DA:1382,125
DA:1385,125
DA:2310,1
DA:2311,1
LF:23
LH:12
end_of_record
SF:/usr/local/include/c++/10.3.0/bits/basic_string.h
FN:243,_ZNSt7__cxx1112basic_stringIcSt11char_traitsIcESaIcEE16_M_construct_auxIPKcEEvT_S8_St12__false_type
FNDA:0,_ZNSt7__cxx1112basic_stringIcSt11char_traitsIcESaIcEE16_M_construct_auxIPKcEEvT_S8_St12__false_type
FN:263,_ZNSt7__cxx1112basic_stringIcSt11char_traitsIcESaIcEE12_M_constructIPKcEEvT_S8_
FNDA:234,_ZNSt7__cxx1112basic_stringIcSt11char_traitsIcESaIcEE12_M_constructIPKcEEvT_S8_
FN:525,_ZNSt7__cxx1112basic_stringIcSt11char_traitsIcESaIcEEC1IS3_EEPKcRKS3_
FNDA:234,_ZNSt7__cxx1112basic_stringIcSt11char_traitsIcESaIcEEC1IS3_EEPKcRKS3_
FNF:3
FNH:2
DA:243,0
DA:247,0
DA:248,0
DA:263,234
DA:266,234
DA:267,234
DA:525,234
DA:526,234
DA:527,234
LF:9
LH:6
end_of_record
SF:/usr/local/include/gtest/gtest-message.h
LF:0
LH:0
end_of_record
SF:/usr/local/include/gtest/gtest-printers.h
FN:213,_ZN7testing8internal52internal_stream_operator_without_lexical_name_lookup13StreamPrinter10PrintValueIivRSoEEvRKT_PSo
FNDA:0,_ZN7testing8internal52internal_stream_operator_without_lexical_name_lookup13StreamPrinter10PrintValueIivRSoEEvRKT_PSo
FN:307,_ZN7testing8internal17PrintWithFallbackIiEEvRKT_PSo
FNDA:0,_ZN7testing8internal17PrintWithFallbackIiEEvRKT_PSo
FN:334,_ZN7testing8internal19FormatForComparisonIiiE6FormatB5cxx11ERKi
FNDA:0,_ZN7testing8internal19FormatForComparisonIiiE6FormatB5cxx11ERKi
FN:334,_ZN7testing8internal19FormatForComparisonIbbE6FormatB5cxx11ERKb
FNDA:0,_ZN7testing8internal19FormatForComparisonIbbE6FormatB5cxx11ERKb
FN:414,_ZN7testing8internal33FormatForComparisonFailureMessageIiiEENSt7__cxx1112basic_stringIcSt11char_traitsIcESaIcEEERKT_RKT0_
FNDA:0,_ZN7testing8internal33FormatForComparisonFailureMessageIiiEENSt7__cxx1112basic_stringIcSt11char_traitsIcESaIcEEERKT_RKT0_
FN:414,_ZN7testing8internal33FormatForComparisonFailureMessageIbbEENSt7__cxx1112basic_stringIcSt11char_traitsIcESaIcEEERKT_RKT0_
FNDA:0,_ZN7testing8internal33FormatForComparisonFailureMessageIbbEENSt7__cxx1112basic_stringIcSt11char_traitsIcESaIcEEERKT_RKT0_
FN:441,_ZN7testing8internal7PrintToIiEEvRKT_PSo
FNDA:0,_ZN7testing8internal7PrintToIiEEvRKT_PSo
FN:460,_ZN7testing8internal7PrintToEbPSo
FNDA:0,_ZN7testing8internal7PrintToEbPSo
FN:695,_ZN7testing8internal16UniversalPrinterIiE5PrintERKiPSo
FNDA:0,_ZN7testing8internal16UniversalPrinterIiE5PrintERKiPSo
FN:695,_ZN7testing8internal16UniversalPrinterIbE5PrintERKbPSo
FNDA:0,_ZN7testing8internal16UniversalPrinterIbE5PrintERKbPSo
FN:885,_ZN7testing8internal21UniversalTersePrinterIiE5PrintERKiPSo
FNDA:0,_ZN7testing8internal21UniversalTersePrinterIiE5PrintERKiPSo
FN:885,_ZN7testing8internal21UniversalTersePrinterIbE5PrintERKbPSo
FNDA:0,_ZN7testing8internal21UniversalTersePrinterIbE5PrintERKbPSo
FN:997,_ZN7testing8internal14UniversalPrintIiEEvRKT_PSo
FNDA:0,_ZN7testing8internal14UniversalPrintIiEEvRKT_PSo
FN:997,_ZN7testing8internal14UniversalPrintIbEEvRKT_PSo
FNDA:0,_ZN7testing8internal14UniversalPrintIbEEvRKT_PSo
FN:1037,_ZN7testing13PrintToStringIiEENSt7__cxx1112basic_stringIcSt11char_traitsIcESaIcEEERKT_
FNDA:0,_ZN7testing13PrintToStringIiEENSt7__cxx1112basic_stringIcSt11char_traitsIcESaIcEEERKT_
FN:1037,_ZN7testing13PrintToStringIbEENSt7__cxx1112basic_stringIcSt11char_traitsIcESaIcEEERKT_
FNDA:0,_ZN7testing13PrintToStringIbEENSt7__cxx1112basic_stringIcSt11char_traitsIcESaIcEEERKT_
FNF:16
FNH:0
DA:213,0
DA:216,0
DA:217,0
DA:307,0
DA:313,0
DA:314,0
DA:334,0
DA:335,0
DA:334,0
DA:335,0
DA:414,0
DA:416,0
DA:414,0
DA:416,0
DA:441,0
DA:442,0
DA:443,0
DA:460,0
DA:461,0
DA:462,0
DA:695,0
DA:704,0
DA:705,0
DA:695,0
DA:704,0
DA:705,0
DA:885,0
DA:886,0
DA:887,0
DA:885,0
DA:886,0
DA:887,0
DA:997,0
DA:1001,0
DA:1002,0
DA:997,0
DA:1001,0
DA:1002,0
DA:1037,0
DA:1038,0
DA:1039,0
DA:1040,0
DA:1037,0
DA:1038,0
DA:1039,0
DA:1040,0
LF:46
LH:0
end_of_record
SF:/usr/local/include/gtest/gtest-assertion-result.h
FN:171,_ZNK7testing15AssertionResultcvbEv
FNDA:0,_ZNK7testing15AssertionResultcvbEv
FN:180,_ZNK7testing15AssertionResult7messageEv
FNDA:0,_ZNK7testing15AssertionResult7messageEv
FN:184,_ZNK7testing15AssertionResult15failure_messageEv
FNDA:0,_ZNK7testing15AssertionResult15failure_messageEv
FNF:3
FNH:0
DA:171,0
DA:180,0
DA:181,0
DA:184,0
LF:4
LH:0
end_of_record
SF:/usr/local/include/c++/10.3.0/bits/stl_iterator_base_types.h
FN:238,_ZSt19__iterator_categoryIPKcENSt15iterator_traitsIT_E17iterator_categoryERKS3_
FNDA:0,_ZSt19__iterator_categoryIPKcENSt15iterator_traitsIT_E17iterator_categoryERKS3_
FNF:1
FNH:0
DA:238,0
DA:239,0
LF:2
LH:0
end_of_record
SF:/usr/local/include/c++/10.3.0/bits/unique_ptr.h
FN:79,_ZNKSt14default_deleteINSt7__cxx1112basic_stringIcSt11char_traitsIcESaIcEEEEclEPS5_
FNDA:0,_ZNKSt14default_deleteINSt7__cxx1112basic_stringIcSt11char_traitsIcESaIcEEEEclEPS5_
FN:79,_ZNKSt14default_deleteINSt7__cxx1118basic_stringstreamIcSt11char_traitsIcESaIcEEEEclEPS5_
FNDA:61,_ZNKSt14default_deleteINSt7__cxx1118basic_stringstreamIcSt11char_traitsIcESaIcEEEEclEPS5_
FN:172,_ZNSt15__uniq_ptr_implINSt7__cxx1112basic_stringIcSt11char_traitsIcESaIcEEESt14default_deleteIS5_EE6_M_ptrEv
FNDA:0,_ZNSt15__uniq_ptr_implINSt7__cxx1112basic_stringIcSt11char_traitsIcESaIcEEESt14default_deleteIS5_EE6_M_ptrEv
FN:172,_ZNSt15__uniq_ptr_implINSt7__cxx1118basic_stringstreamIcSt11char_traitsIcESaIcEEESt14default_deleteIS5_EE6_M_ptrEv
FNDA:0,_ZNSt15__uniq_ptr_implINSt7__cxx1118basic_stringstreamIcSt11char_traitsIcESaIcEEESt14default_deleteIS5_EE6_M_ptrEv
FN:173,_ZNKSt15__uniq_ptr_implINSt7__cxx1112basic_stringIcSt11char_traitsIcESaIcEEESt14default_deleteIS5_EE6_M_ptrEv
FNDA:0,_ZNKSt15__uniq_ptr_implINSt7__cxx1112basic_stringIcSt11char_traitsIcESaIcEEESt14default_deleteIS5_EE6_M_ptrEv
FN:174,_ZNSt15__uniq_ptr_implINSt7__cxx1112basic_stringIcSt11char_traitsIcESaIcEEESt14default_deleteIS5_EE10_M_deleterEv
FNDA:0,_ZNSt15__uniq_ptr_implINSt7__cxx1112basic_stringIcSt11char_traitsIcESaIcEEESt14default_deleteIS5_EE10_M_deleterEv
FN:174,_ZNSt15__uniq_ptr_implINSt7__cxx1118basic_stringstreamIcSt11char_traitsIcESaIcEEESt14default_deleteIS5_EE10_M_deleterEv
FNDA:0,_ZNSt15__uniq_ptr_implINSt7__cxx1118basic_stringstreamIcSt11char_traitsIcESaIcEEESt14default_deleteIS5_EE10_M_deleterEv
FN:355,_ZNSt10unique_ptrINSt7__cxx1112basic_stringIcSt11char_traitsIcESaIcEEESt14default_deleteIS5_EED1Ev
FNDA:146,_ZNSt10unique_ptrINSt7__cxx1112basic_stringIcSt11char_traitsIcESaIcEEESt14default_deleteIS5_EED1Ev
FN:355,_ZNSt10unique_ptrINSt7__cxx1118basic_stringstreamIcSt11char_traitsIcESaIcEEESt14default_deleteIS5_EED1Ev
FNDA:0,_ZNSt10unique_ptrINSt7__cxx1118basic_stringstreamIcSt11char_traitsIcESaIcEEESt14default_deleteIS5_EED1Ev
FN:413,_ZNKSt10unique_ptrINSt7__cxx1112basic_stringIcSt11char_traitsIcESaIcEEESt14default_deleteIS5_EEptEv
FNDA:0,_ZNKSt10unique_ptrINSt7__cxx1112basic_stringIcSt11char_traitsIcESaIcEEESt14default_deleteIS5_EEptEv
FN:421,_ZNKSt10unique_ptrINSt7__cxx1112basic_stringIcSt11char_traitsIcESaIcEEESt14default_deleteIS5_EE3getEv
FNDA:0,_ZNKSt10unique_ptrINSt7__cxx1112basic_stringIcSt11char_traitsIcESaIcEEESt14default_deleteIS5_EE3getEv
FN:426,_ZNSt10unique_ptrINSt7__cxx1112basic_stringIcSt11char_traitsIcESaIcEEESt14default_deleteIS5_EE11get_deleterEv
FNDA:0,_ZNSt10unique_ptrINSt7__cxx1112basic_stringIcSt11char_traitsIcESaIcEEESt14default_deleteIS5_EE11get_deleterEv
FN:426,_ZNSt10unique_ptrINSt7__cxx1118basic_stringstreamIcSt11char_traitsIcESaIcEEESt14default_deleteIS5_EE11get_deleterEv
FNDA:61,_ZNSt10unique_ptrINSt7__cxx1118basic_stringstreamIcSt11char_traitsIcESaIcEEESt14default_deleteIS5_EE11get_deleterEv
FNF:13
FNH:3
DA:79,0
DA:85,0
DA:86,0
DA:79,61
DA:85,61
DA:86,61
DA:172,0
DA:172,0
DA:173,0
DA:174,0
DA:174,0
DA:355,146
DA:359,146
DA:360,146
DA:361,0
DA:362,146
DA:363,146
DA:355,0
DA:359,0
DA:360,0
DA:361,0
DA:362,0
DA:363,0
DA:413,0
DA:416,0
DA:421,0
DA:422,0
DA:426,0
DA:427,0
DA:426,61
DA:427,61
LF:31
LH:10
end_of_record
SF:/usr/local/include/c++/10.3.0/bits/move.h
FN:101,_ZSt4moveIRPNSt7__cxx1112basic_stringIcSt11char_traitsIcESaIcEEEEONSt16remove_referenceIT_E4typeEOS9_
FNDA:0,_ZSt4moveIRPNSt7__cxx1112basic_stringIcSt11char_traitsIcESaIcEEEEONSt16remove_referenceIT_E4typeEOS9_
FN:101,_ZSt4moveIRPNSt7__cxx1118basic_stringstreamIcSt11char_traitsIcESaIcEEEEONSt16remove_referenceIT_E4typeEOS9_
FNDA:0,_ZSt4moveIRPNSt7__cxx1118basic_stringstreamIcSt11char_traitsIcESaIcEEEEONSt16remove_referenceIT_E4typeEOS9_
FNF:2
FNH:0
DA:101,0
DA:102,0
DA:101,0
DA:102,0
LF:4
LH:0
end_of_record
SF:/usr/local/include/gtest/internal/gtest-port.h
FN:973,_ZN7testing8internal8GTestLog9GetStreamEv
FNDA:0,_ZN7testing8internal8GTestLog9GetStreamEv
FNF:1
FNH:0
DA:973,0
LF:1
LH:0
end_of_record
TN:gcov_report
SF:/usr/local/include/c++/10.3.0/ext/string_conversions.h
FN:54,_ZN9__gnu_cxx6__stoaIddcJEEET0_PFT_PKT1_PPS3_DpT2_EPKcS5_PmS9_
FNDA:277,_ZN9__gnu_cxx6__stoaIddcJEEET0_PFT_PKT1_PPS3_DpT2_EPKcS5_PmS9_
FN:63,_ZZN9__gnu_cxx6__stoaIddcJEEET0_PFT_PKT1_PPS3_DpT2_EPKcS5_PmS9_EN11_Save_errnoC1Ev
FNDA:277,_ZZN9__gnu_cxx6__stoaIddcJEEET0_PFT_PKT1_PPS3_DpT2_EPKcS5_PmS9_EN11_Save_errnoC1Ev
FN:64,_ZZN9__gnu_cxx6__stoaIddcJEEET0_PFT_PKT1_PPS3_DpT2_EPKcS5_PmS9_EN11_Save_errnoD1Ev
FNDA:277,_ZZN9__gnu_cxx6__stoaIddcJEEET0_PFT_PKT1_PPS3_DpT2_EPKcS5_PmS9_EN11_Save_errnoD1Ev
FN:70,_ZZN9__gnu_cxx6__stoaIddcJEEET0_PFT_PKT1_PPS3_DpT2_EPKcS5_PmS9_EN10_Range_chk6_S_chkEdSt17integral_constantIbLb0EE
FNDA:277,_ZZN9__gnu_cxx6__stoaIddcJEEET0_PFT_PKT1_PPS3_DpT2_EPKcS5_PmS9_EN10_Range_chk6_S_chkEdSt17integral_constantIbLb0EE
FNF:4
FNH:4
DA:54,277
DA:63,277
DA:64,277
DA:66,277
DA:70,277
DA:80,277
DA:82,277
DA:83,0
DA:84,277
DA:85,277
DA:86,0
DA:88,277
DA:90,277
DA:91,0
DA:93,554
LF:15
LH:12
end_of_record
SF:/usr/local/include/c++/10.3.0/ext/new_allocator.h
FN:79,_ZN9__gnu_cxx13new_allocatorISt10_List_nodeIN3s215Model9Stack_t2_EEEC2Ev
FNDA:356,_ZN9__gnu_cxx13new_allocatorISt10_List_nodeIN3s215Model9Stack_t2_EEEC2Ev
FN:79,_ZN9__gnu_cxx13new_allocatorIdEC2Ev
FNDA:0,_ZN9__gnu_cxx13new_allocatorIdEC2Ev
FN:79,_ZN9__gnu_cxx13new_allocatorIPdEC2Ev
FNDA:224,_ZN9__gnu_cxx13new_allocatorIPdEC2Ev
FN:89,_ZN9__gnu_cxx13new_allocatorIPdED2Ev
FNDA:224,_ZN9__gnu_cxx13new_allocatorIPdED2Ev
FN:89,_ZN9__gnu_cxx13new_allocatorISt10_List_nodeIN3s215Model9Stack_t2_EEED2Ev
FNDA:356,_ZN9__gnu_cxx13new_allocatorISt10_List_nodeIN3s215Model9Stack_t2_EEED2Ev
FN:89,_ZN9__gnu_cxx13new_allocatorIdED2Ev
FNDA:0,_ZN9__gnu_cxx13new_allocatorIdED2Ev
FN:103,_ZN9__gnu_cxx13new_allocatorIPdE8allocateEmPKv
FNDA:112,_ZN9__gnu_cxx13new_allocatorIPdE8allocateEmPKv
FN:103,_ZN9__gnu_cxx13new_allocatorISt10_List_nodeIN3s215Model9Stack_t2_EEE8allocateEmPKv
FNDA:1697,_ZN9__gnu_cxx13new_allocatorISt10_List_nodeIN3s215Model9Stack_t2_EEE8allocateEmPKv
FN:103,_ZN9__gnu_cxx13new_allocatorIdE8allocateEmPKv
FNDA:0,_ZN9__gnu_cxx13new_allocatorIdE8allocateEmPKv
FN:120,_ZN9__gnu_cxx13new_allocatorIdE10deallocateEPdm
FNDA:0,_ZN9__gnu_cxx13new_allocatorIdE10deallocateEPdm
FN:120,_ZN9__gnu_cxx13new_allocatorIPdE10deallocateEPS1_m
FNDA:112,_ZN9__gnu_cxx13new_allocatorIPdE10deallocateEPS1_m
FN:120,_ZN9__gnu_cxx13new_allocatorISt10_List_nodeIN3s215Model9Stack_t2_EEE10deallocateEPS5_m
FNDA:1697,_ZN9__gnu_cxx13new_allocatorISt10_List_nodeIN3s215Model9Stack_t2_EEE10deallocateEPS5_m
FN:142,_ZNK9__gnu_cxx13new_allocatorIdE8max_sizeEv
FNDA:0,_ZNK9__gnu_cxx13new_allocatorIdE8max_sizeEv
FN:148,_ZN9__gnu_cxx13new_allocatorISt10_List_nodeIN3s215Model9Stack_t2_EEE9constructIS4_JRKS4_EEEvPT_DpOT0_
FNDA:1697,_ZN9__gnu_cxx13new_allocatorISt10_List_nodeIN3s215Model9Stack_t2_EEE9constructIS4_JRKS4_EEEvPT_DpOT0_
FN:148,_ZN9__gnu_cxx13new_allocatorIdE9constructIdJRKdEEEvPT_DpOT0_
FNDA:496,_ZN9__gnu_cxx13new_allocatorIdE9constructIdJRKdEEEvPT_DpOT0_
FN:154,_ZN9__gnu_cxx13new_allocatorIdE7destroyIdEEvPT_
FNDA:392,_ZN9__gnu_cxx13new_allocatorIdE7destroyIdEEvPT_
FN:154,_ZN9__gnu_cxx13new_allocatorISt10_List_nodeIN3s215Model9Stack_t2_EEE7destroyIS4_EEvPT_
FNDA:1697,_ZN9__gnu_cxx13new_allocatorISt10_List_nodeIN3s215Model9Stack_t2_EEE7destroyIS4_EEvPT_
FN:185,_ZNK9__gnu_cxx13new_allocatorIdE11_M_max_sizeEv
FNDA:0,_ZNK9__gnu_cxx13new_allocatorIdE11_M_max_sizeEv
FN:185,_ZNK9__gnu_cxx13new_allocatorISt10_List_nodeIN3s215Model9Stack_t2_EEE11_M_max_sizeEv
FNDA:1697,_ZNK9__gnu_cxx13new_allocatorISt10_List_nodeIN3s215Model9Stack_t2_EEE11_M_max_sizeEv
FN:185,_ZNK9__gnu_cxx13new_allocatorIPdE11_M_max_sizeEv
FNDA:112,_ZNK9__gnu_cxx13new_allocatorIPdE11_M_max_sizeEv
FNF:20
FNH:14
DA:79,224
DA:79,0
DA:79,356
DA:89,224
DA:89,0
DA:89,356
DA:103,0
DA:105,0
DA:106,0
DA:115,0
DA:103,112
DA:105,112
DA:106,0
DA:115,112
DA:103,1697
DA:105,1697
DA:106,0
DA:115,1697
DA:120,0
DA:133,0
DA:120,112
DA:133,112
DA:120,1697
DA:133,1697
DA:142,0
DA:143,0
DA:148,1697
DA:150,1697
DA:148,496
DA:150,496
DA:154,392
DA:156,392
DA:154,1697
DA:156,1697
DA:185,0
DA:188,0
DA:185,112
DA:188,112
DA:185,1697
DA:188,1697
LF:40
LH:26
end_of_record
SF:/usr/local/include/c++/10.3.0/iostream
LF:0
LH:0
end_of_record
SF:/usr/local/include/c++/10.3.0/bits/stl_list.h
FN:109,_ZNSt8__detail17_List_node_headerC1Ev
FNDA:356,_ZNSt8__detail17_List_node_headerC1Ev
FN:149,_ZNSt8__detail17_List_node_header7_M_initEv
FNDA:356,_ZNSt8__detail17_List_node_header7_M_initEv
FN:170,_ZNSt10_List_nodeIN3s215Model9Stack_t2_EE9_M_valptrEv
FNDA:12432,_ZNSt10_List_nodeIN3s215Model9Stack_t2_EE9_M_valptrEv
FN:196,_ZNSt14_List_iteratorIN3s215Model9Stack_t2_EEC1Ev
FNDA:224,_ZNSt14_List_iteratorIN3s215Model9Stack_t2_EEC1Ev
FN:200,_ZNSt14_List_iteratorIN3s215Model9Stack_t2_EEC1EPNSt8__detail15_List_node_baseE
FNDA:5687,_ZNSt14_List_iteratorIN3s215Model9Stack_t2_EEC1EPNSt8__detail15_List_node_baseE
FN:209,_ZNKSt14_List_iteratorIN3s215Model9Stack_t2_EEdeEv
FNDA:935,_ZNKSt14_List_iteratorIN3s215Model9Stack_t2_EEdeEv
FN:213,_ZNKSt14_List_iteratorIN3s215Model9Stack_t2_EEptEv
FNDA:8103,_ZNKSt14_List_iteratorIN3s215Model9Stack_t2_EEptEv
FN:217,_ZNSt14_List_iteratorIN3s215Model9Stack_t2_EEppEv
FNDA:0,_ZNSt14_List_iteratorIN3s215Model9Stack_t2_EEppEv
FN:224,_ZNSt14_List_iteratorIN3s215Model9Stack_t2_EEppEi
FNDA:1321,_ZNSt14_List_iteratorIN3s215Model9Stack_t2_EEppEi
FN:232,_ZNSt14_List_iteratorIN3s215Model9Stack_t2_EEmmEv
FNDA:1879,_ZNSt14_List_iteratorIN3s215Model9Stack_t2_EEmmEv
FN:247,_ZSteqRKSt14_List_iteratorIN3s215Model9Stack_t2_EES5_
FNDA:722,_ZSteqRKSt14_List_iteratorIN3s215Model9Stack_t2_EES5_
FN:252,_ZStneRKSt14_List_iteratorIN3s215Model9Stack_t2_EES5_
FNDA:1616,_ZStneRKSt14_List_iteratorIN3s215Model9Stack_t2_EES5_
FN:379,_ZNSt7__cxx1110_List_baseIN3s215Model9Stack_t2_ESaIS3_EE10_List_implC1Ev
FNDA:356,_ZNSt7__cxx1110_List_baseIN3s215Model9Stack_t2_ESaIS3_EE10_List_implC1Ev
FN:404,_ZNKSt7__cxx1110_List_baseIN3s215Model9Stack_t2_ESaIS3_EE11_M_get_sizeEv
FNDA:408,_ZNKSt7__cxx1110_List_baseIN3s215Model9Stack_t2_ESaIS3_EE11_M_get_sizeEv
FN:408,_ZNSt7__cxx1110_List_baseIN3s215Model9Stack_t2_ESaIS3_EE11_M_inc_sizeEm
FNDA:1697,_ZNSt7__cxx1110_List_baseIN3s215Model9Stack_t2_ESaIS3_EE11_M_inc_sizeEm
FN:410,_ZNSt7__cxx1110_List_baseIN3s215Model9Stack_t2_ESaIS3_EE11_M_dec_sizeEm
FNDA:342,_ZNSt7__cxx1110_List_baseIN3s215Model9Stack_t2_ESaIS3_EE11_M_dec_sizeEm
FN:441,_ZNSt7__cxx1110_List_baseIN3s215Model9Stack_t2_ESaIS3_EE11_M_get_nodeEv
FNDA:1697,_ZNSt7__cxx1110_List_baseIN3s215Model9Stack_t2_ESaIS3_EE11_M_get_nodeEv
FN:445,_ZNSt7__cxx1110_List_baseIN3s215Model9Stack_t2_ESaIS3_EE11_M_put_nodeEPSt10_List_nodeIS3_E
FNDA:1697,_ZNSt7__cxx1110_List_baseIN3s215Model9Stack_t2_ESaIS3_EE11_M_put_nodeEPSt10_List_nodeIS3_E
FN:452,_ZNSt7__cxx1110_List_baseIN3s215Model9Stack_t2_ESaIS3_EE21_M_get_Node_allocatorEv
FNDA:3394,_ZNSt7__cxx1110_List_baseIN3s215Model9Stack_t2_ESaIS3_EE21_M_get_Node_allocatorEv
FN:460,_ZNSt7__cxx1110_List_baseIN3s215Model9Stack_t2_ESaIS3_EEC2Ev
FNDA:356,_ZNSt7__cxx1110_List_baseIN3s215Model9Stack_t2_ESaIS3_EEC2Ev
FN:498,_ZNSt7__cxx1110_List_baseIN3s215Model9Stack_t2_ESaIS3_EED2Ev
FNDA:356,_ZNSt7__cxx1110_List_baseIN3s215Model9Stack_t2_ESaIS3_EED2Ev
FN:632,_ZNSt7__cxx114listIN3s215Model9Stack_t2_ESaIS3_EE14_M_create_nodeIJRKS3_EEEPSt10_List_nodeIS3_EDpOT_
FNDA:1697,_ZNSt7__cxx114listIN3s215Model9Stack_t2_ESaIS3_EE14_M_create_nodeIJRKS3_EEEPSt10_List_nodeIS3_EDpOT_
FN:651,_ZNKSt7__cxx114listIN3s215Model9Stack_t2_ESaIS3_EE13_M_node_countEv
FNDA:408,_ZNKSt7__cxx114listIN3s215Model9Stack_t2_ESaIS3_EE13_M_node_countEv
FN:673,_ZNSt7__cxx114listIN3s215Model9Stack_t2_ESaIS3_EEC1Ev
FNDA:356,_ZNSt7__cxx114listIN3s215Model9Stack_t2_ESaIS3_EEC1Ev
FN:827,_ZNSt7__cxx114listIN3s215Model9Stack_t2_ESaIS3_EED1Ev
FNDA:356,_ZNSt7__cxx114listIN3s215Model9Stack_t2_ESaIS3_EED1Ev
FN:945,_ZNSt7__cxx114listIN3s215Model9Stack_t2_ESaIS3_EE5beginEv
FNDA:295,_ZNSt7__cxx114listIN3s215Model9Stack_t2_ESaIS3_EE5beginEv
FN:963,_ZNSt7__cxx114listIN3s215Model9Stack_t2_ESaIS3_EE3endEv
FNDA:5050,_ZNSt7__cxx114listIN3s215Model9Stack_t2_ESaIS3_EE3endEv
FN:1060,_ZNKSt7__cxx114listIN3s215Model9Stack_t2_ESaIS3_EE4sizeEv
FNDA:408,_ZNKSt7__cxx114listIN3s215Model9Stack_t2_ESaIS3_EE4sizeEv
FN:1211,_ZNSt7__cxx114listIN3s215Model9Stack_t2_ESaIS3_EE9push_backERKS3_
FNDA:1697,_ZNSt7__cxx114listIN3s215Model9Stack_t2_ESaIS3_EE9push_backERKS3_
FN:1246,_ZNSt7__cxx114listIN3s215Model9Stack_t2_ESaIS3_EE8pop_backEv
FNDA:342,_ZNSt7__cxx114listIN3s215Model9Stack_t2_ESaIS3_EE8pop_backEv
FN:1909,_ZNSt7__cxx114listIN3s215Model9Stack_t2_ESaIS3_EE9_M_insertIJRKS3_EEEvSt14_List_iteratorIS3_EDpOT_
FNDA:1697,_ZNSt7__cxx114listIN3s215Model9Stack_t2_ESaIS3_EE9_M_insertIJRKS3_EEEvSt14_List_iteratorIS3_EDpOT_
FN:1919,_ZNSt7__cxx114listIN3s215Model9Stack_t2_ESaIS3_EE8_M_eraseESt14_List_iteratorIS3_E
FNDA:342,_ZNSt7__cxx114listIN3s215Model9Stack_t2_ESaIS3_EE8_M_eraseESt14_List_iteratorIS3_E
FNF:32
FNH:31
DA:109,356
DA:110,356
DA:149,356
DA:151,356
DA:153,356
DA:155,356
DA:170,12432
DA:196,224
DA:197,224
DA:200,5687
DA:201,5687
DA:209,935
DA:210,935
DA:213,8103
DA:214,8103
DA:217,0
DA:219,0
DA:220,0
DA:224,1321
DA:226,1321
DA:227,1321
DA:228,1321
DA:232,1879
DA:234,1879
DA:235,1879
DA:247,722
DA:248,722
DA:252,1616
DA:253,1616
DA:379,356
DA:381,356
DA:382,356
DA:404,408
DA:408,1697
DA:410,342
DA:441,1697
DA:442,1697
DA:445,1697
DA:446,1697
DA:452,3394
DA:453,3394
DA:460,356
DA:498,356
DA:499,356
DA:632,1697
DA:634,1697
DA:635,1697
DA:636,1697
DA:637,1697
DA:639,1697
DA:640,3394
DA:651,408
DA:652,408
DA:673,356
DA:827,356
DA:945,295
DA:946,295
DA:963,5050
DA:964,5050
DA:1060,408
DA:1061,408
DA:1211,1697
DA:1212,1697
DA:1246,342
DA:1247,342
DA:1909,1697
DA:1911,1697
DA:1912,1697
DA:1913,1697
DA:1914,1697
DA:1919,342
DA:1921,342
DA:1922,342
DA:1923,342
DA:1925,342
DA:1930,342
DA:1931,342
LF:77
LH:74
end_of_record
SF:/Users/jettajac/Documents/CPP/calculator/Mycalc/src/s21_calc.h
LF:0
LH:0
end_of_record
SF:/usr/local/include/c++/10.3.0/bits/deque.tcc
FN:481,_ZNSt5dequeIdSaIdEE16_M_push_back_auxIJRKdEEEvDpOT_
FNDA:0,_ZNSt5dequeIdSaIdEE16_M_push_back_auxIJRKdEEEvDpOT_
FN:557,_ZNSt5dequeIdSaIdEE15_M_pop_back_auxEv
FNDA:0,_ZNSt5dequeIdSaIdEE15_M_pop_back_auxEv
FN:928,_ZNSt5dequeIdSaIdEE17_M_reallocate_mapEmb
FNDA:0,_ZNSt5dequeIdSaIdEE17_M_reallocate_mapEmb
FNF:3
FNH:0
DA:481,0
DA:489,0
DA:490,0
DA:493,0
DA:494,0
DA:498,0
DA:504,0
DA:506,0
DA:513,0
DA:557,0
DA:560,0
DA:561,0
DA:562,0
DA:563,0
DA:565,0
DA:928,0
DA:931,0
DA:932,0
DA:933,0
DA:936,0
DA:938,0
DA:939,0
DA:940,0
DA:941,0
DA:942,0
DA:943,0
DA:946,0
DA:947,0
DA:948,0
DA:952,0
DA:953,0
DA:956,0
DA:957,0
DA:958,0
DA:959,0
DA:960,0
DA:962,0
DA:964,0
DA:965,0
DA:968,0
DA:969,0
DA:970,0
LF:42
LH:0
end_of_record
SF:/Users/jettajac/Documents/CPP/calculator/Mycalc/src/s21_calc.cc
FN:26,_ZN3s215Model9SmartCalcENSt7__cxx1112basic_stringIcSt11char_traitsIcESaIcEEES6_Rd
FNDA:122,_ZN3s215Model9SmartCalcENSt7__cxx1112basic_stringIcSt11char_traitsIcESaIcEEES6_Rd
FN:56,_ZN3s215Model6ParserENSt7__cxx1112basic_stringIcSt11char_traitsIcESaIcEEERNS1_4listINS0_9Stack_t2_ESaIS8_EEES6_
FNDA:121,_ZN3s215Model6ParserENSt7__cxx1112basic_stringIcSt11char_traitsIcESaIcEEERNS1_4listINS0_9Stack_t2_ESaIS8_EEES6_
FN:104,_ZN3s215Model14PolishNotationERNSt7__cxx114listINS0_9Stack_t2_ESaIS3_EEES6_
FNDA:112,_ZN3s215Model14PolishNotationERNSt7__cxx114listINS0_9Stack_t2_ESaIS3_EEES6_
FN:154,_ZN3s215Model11MathematicsERNSt7__cxx114listINS0_9Stack_t2_ESaIS3_EEERd
FNDA:112,_ZN3s215Model11MathematicsERNSt7__cxx114listINS0_9Stack_t2_ESaIS3_EEERd
FN:193,_ZN3s215Model13RemovesSpacesERNSt7__cxx1112basic_stringIcSt11char_traitsIcESaIcEEE
FNDA:121,_ZN3s215Model13RemovesSpacesERNSt7__cxx1112basic_stringIcSt11char_traitsIcESaIcEEE
FN:212,_ZN3s215Model5TypesENSt7__cxx1112basic_stringIcSt11char_traitsIcESaIcEEERiRS6_
FNDA:2300,_ZN3s215Model5TypesENSt7__cxx1112basic_stringIcSt11char_traitsIcESaIcEEERiRS6_
FN:283,_ZN3s215Model11CheckParserENSt7__cxx1112basic_stringIcSt11char_traitsIcESaIcEEES6_iRiRS6_S7_
FNDA:770,_ZN3s215Model11CheckParserENSt7__cxx1112basic_stringIcSt11char_traitsIcESaIcEEES6_iRiRS6_S7_
FN:363,_ZNK3s215Model11CheckNumberENSt7__cxx1112basic_stringIcSt11char_traitsIcESaIcEEE
FNDA:1080,_ZNK3s215Model11CheckNumberENSt7__cxx1112basic_stringIcSt11char_traitsIcESaIcEEE
FN:405,_ZN3s215Model10CheckFuncsENSt7__cxx1112basic_stringIcSt11char_traitsIcESaIcEEERi
FNDA:130,_ZN3s215Model10CheckFuncsENSt7__cxx1112basic_stringIcSt11char_traitsIcESaIcEEERi
FN:434,_ZN3s215Model11CheckPolishERNSt7__cxx114listINS0_9Stack_t2_ESaIS3_EEES6_St14_List_iteratorIS3_E
FNDA:213,_ZN3s215Model11CheckPolishERNSt7__cxx114listINS0_9Stack_t2_ESaIS3_EEES6_St14_List_iteratorIS3_E
FN:465,_ZN3s215Model8CheckExpENSt7__cxx1112basic_stringIcSt11char_traitsIcESaIcEEES6_RiRS6_
FNDA:19,_ZN3s215Model8CheckExpENSt7__cxx1112basic_stringIcSt11char_traitsIcESaIcEEES6_RiRS6_
FN:496,_ZN3s215Model10MathSimpleERSt14_List_iteratorINS0_9Stack_t2_EERSt5stackIdSt5dequeIdSaIdEEERd
FNDA:163,_ZN3s215Model10MathSimpleERSt14_List_iteratorINS0_9Stack_t2_EERSt5stackIdSt5dequeIdSaIdEEERd
FN:548,_ZN3s215Model12MathFunctionERSt14_List_iteratorINS0_9Stack_t2_EERSt5stackIdSt5dequeIdSaIdEEERd
FNDA:66,_ZN3s215Model12MathFunctionERSt14_List_iteratorINS0_9Stack_t2_EERSt5stackIdSt5dequeIdSaIdEEERd
FN:612,_ZN3s215Model7PopPushERNSt7__cxx114listINS0_9Stack_t2_ESaIS3_EEES6_RSt14_List_iteratorIS3_E
FNDA:230,_ZN3s215Model7PopPushERNSt7__cxx114listINS0_9Stack_t2_ESaIS3_EEES6_RSt14_List_iteratorIS3_E
FN:630,_ZN3s215Model6NumberENSt7__cxx1112basic_stringIcSt11char_traitsIcESaIcEEERd
FNDA:277,_ZN3s215Model6NumberENSt7__cxx1112basic_stringIcSt11char_traitsIcESaIcEEERd
FN:658,_ZN3s215Model8UnarZnakERNSt7__cxx1112basic_stringIcSt11char_traitsIcESaIcEEE
FNDA:49,_ZN3s215Model8UnarZnakERNSt7__cxx1112basic_stringIcSt11char_traitsIcESaIcEEE
FN:678,_ZN3s215Model13CharPrevAfterENSt7__cxx1112basic_stringIcSt11char_traitsIcESaIcEEERiRS6_S8_S7_S7_
FNDA:789,_ZN3s215Model13CharPrevAfterENSt7__cxx1112basic_stringIcSt11char_traitsIcESaIcEEERiRS6_S8_S7_S7_
FN:696,_ZN3s215Model10PrintstackERNSt7__cxx114listINS0_9Stack_t2_ESaIS3_EEE
FNDA:0,_ZN3s215Model10PrintstackERNSt7__cxx114listINS0_9Stack_t2_ESaIS3_EEE
FNF:18
FNH:17
DA:26,122
DA:28,244
DA:29,122
DA:30,122
DA:31,122
DA:32,122
DA:33,121
DA:34,121
DA:35,112
DA:36,112
DA:37,112
DA:41,1
DA:43,244
DA:56,121
DA:58,121
DA:59,121
DA:60,121
DA:61,121
DA:63,121
DA:65,121
DA:66,892
DA:67,771
DA:68,771
DA:69,771
DA:70,29
DA:71,29
DA:72,29
DA:74,771
DA:75,770
DA:76,1540
DA:77,770
DA:78,762
DA:79,14
DA:80,14
DA:81,14
DA:83,762
DA:84,762
DA:85,762
DA:86,770
DA:88,1
DA:90,121
DA:91,242
DA:104,112
DA:107,112
DA:108,112
DA:109,112
DA:110,112
DA:111,834
DA:112,722
DA:113,279
DA:114,443
DA:115,115
DA:116,328
DA:117,115
DA:118,240
DA:119,240
DA:120,54
DA:121,54
DA:123,115
DA:124,115
DA:125,98
DA:126,98
DA:128,213
DA:129,213
DA:131,722
DA:132,112
DA:133,112
DA:134,227
DA:135,115
DA:136,115
DA:137,115
DA:140,722
DA:142,224
DA:154,112
DA:156,112
DA:157,112
DA:158,112
DA:159,112
DA:160,112
DA:161,711
DA:162,599
DA:163,46
DA:164,43
DA:166,553
DA:167,277
DA:168,14
DA:170,277
DA:171,277
DA:172,276
DA:173,66
DA:174,210
DA:175,163
DA:178,112
DA:179,102
DA:181,224
DA:193,121
DA:194,1281
DA:195,1160
DA:196,3
DA:197,3
DA:200,121
DA:212,2300
DA:215,2300
DA:216,2300
DA:217,2300
DA:218,4412
DA:219,4412
DA:220,130
DA:221,130
DA:222,70
DA:223,70
DA:224,60
DA:225,23
DA:226,23
DA:227,37
DA:228,11
DA:229,11
DA:231,2101
DA:232,478
DA:233,478
DA:235,1623
DA:236,124
DA:237,124
DA:238,1499
DA:239,38
DA:240,38
DA:241,1461
DA:242,803
DA:243,803
DA:244,1790
DA:245,987
DA:247,803
DA:248,658
DA:249,359
DA:250,359
DA:251,299
DA:252,180
DA:253,180
DA:254,119
DA:255,38
DA:256,38
DA:258,2231
DA:260,2231
DA:261,803
DA:263,2231
DA:265,2300
DA:283,770
DA:286,770
DA:288,770
DA:289,770
DA:290,770
DA:292,1540
DA:293,770
DA:294,770
DA:295,770
DA:296,542
DA:297,542
DA:298,289
DA:300,481
DA:301,65
DA:302,64
DA:303,64
DA:304,64
DA:307,478
DA:308,62
DA:309,0
DA:310,31
DA:311,16
DA:312,555
DA:313,108
DA:314,35
DA:315,2
DA:316,49
DA:317,49
DA:318,367
DA:319,136
DA:320,135
DA:322,231
DA:323,112
DA:324,112
DA:325,55
DA:326,55
DA:328,175
DA:329,121
DA:330,121
DA:331,121
DA:332,0
DA:334,54
DA:335,19
DA:336,19
DA:337,19
DA:338,19
DA:339,19
DA:340,19
DA:341,19
DA:344,35
DA:345,16
DA:346,19
DA:347,19
DA:348,0
DA:349,0
DA:352,770
DA:363,1080
DA:365,1080
DA:366,1080
DA:367,1080
DA:368,1080
DA:369,2450
DA:370,1370
DA:371,152
DA:372,53
DA:373,0
DA:375,99
DA:376,1271
DA:377,14
DA:378,1257
DA:379,0
DA:380,1257
DA:381,1189
DA:382,1189
DA:383,68
DA:384,54
DA:385,54
DA:386,0
DA:388,14
DA:389,0
DA:391,14
DA:394,1080
DA:405,130
DA:406,130
DA:407,130
DA:408,107
DA:409,311
DA:410,74
DA:411,70
DA:412,60
DA:413,55
DA:414,158
DA:415,43
DA:416,23
DA:417,37
DA:418,11
DA:420,130
DA:434,213
DA:436,213
DA:437,213
DA:438,60
DA:439,153
DA:440,25
DA:441,25
DA:442,128
DA:443,83
DA:444,27
DA:446,83
DA:447,9
DA:449,83
DA:450,45
DA:451,45
DA:453,213
DA:465,19
DA:467,19
DA:468,19
DA:469,19
DA:470,38
DA:471,19
DA:472,19
DA:473,19
DA:474,15
DA:475,15
DA:476,15
DA:478,15
DA:479,14
DA:480,2
DA:482,14
DA:483,14
DA:486,19
DA:496,163
DA:498,163
DA:500,163
DA:501,0
DA:503,163
DA:504,163
DA:506,163
DA:507,0
DA:509,163
DA:510,163
DA:512,163
DA:513,42
DA:514,121
DA:515,28
DA:516,93
DA:517,47
DA:518,46
DA:519,13
DA:520,11
DA:522,2
DA:524,33
DA:525,14
DA:526,19
DA:527,19
DA:528,18
DA:530,1
DA:534,163
DA:535,160
DA:537,163
DA:548,66
DA:550,66
DA:552,66
DA:553,0
DA:555,66
DA:556,66
DA:558,66
DA:559,15
DA:560,51
DA:561,14
DA:562,37
DA:563,3
DA:564,34
DA:565,5
DA:566,4
DA:568,1
DA:570,29
DA:571,4
DA:572,3
DA:574,1
DA:576,25
DA:577,4
DA:578,21
DA:579,9
DA:580,7
DA:582,2
DA:584,12
DA:585,7
DA:586,6
DA:588,1
DA:590,5
DA:591,5
DA:592,3
DA:594,2
DA:598,66
DA:599,59
DA:601,66
DA:612,230
DA:615,230
DA:616,230
DA:617,230
DA:618,230
DA:619,230
DA:630,277
DA:631,277
DA:633,277
DA:636,277
DA:637,277
DA:638,0
DA:639,0
DA:640,0
DA:641,0
DA:642,0
DA:643,0
DA:644,0
DA:646,277
DA:648,277
DA:658,49
DA:659,49
DA:660,46
DA:661,3
DA:662,3
DA:664,49
DA:678,789
DA:681,789
DA:682,789
DA:683,687
DA:684,687
DA:686,789
DA:687,789
DA:688,789
DA:696,0
DA:697,0
DA:698,0
DA:699,0
DA:701,0
DA:702,0
LF:382
LH:358
end_of_record
SF:/usr/local/include/c++/10.3.0/bits/list.tcc
FN:66,_ZNSt7__cxx1110_List_baseIN3s215Model9Stack_t2_ESaIS3_EE8_M_clearEv
FNDA:356,_ZNSt7__cxx1110_List_baseIN3s215Model9Stack_t2_ESaIS3_EE8_M_clearEv
FNF:1
FNH:1
DA:66,356
DA:70,356
DA:71,1711
DA:73,1355
DA:74,1355
DA:75,1355
DA:77,1355
DA:81,1355
DA:83,356
LF:9
LH:9
end_of_record
SF:/usr/local/include/c++/10.3.0/new
FN:174,_ZnwmPv
FNDA:2224,_ZnwmPv
FN:180,_ZdlPvS_
FNDA:0,_ZdlPvS_
FNF:2
FNH:1
DA:174,2224
DA:175,2224
DA:180,0
LF:3
LH:2
end_of_record
SF:/usr/local/include/c++/10.3.0/bits/basic_string.h
FN:6032,_ZStplIcSt11char_traitsIcESaIcEENSt7__cxx1112basic_stringIT_T0_T1_EERKS8_SA_
FNDA:14,_ZStplIcSt11char_traitsIcESaIcEENSt7__cxx1112basic_stringIT_T0_T1_EERKS8_SA_
FN:6185,_ZSteqIcSt11char_traitsIcESaIcEEbRKNSt7__cxx1112basic_stringIT_T0_T1_EEPKS5_
FNDA:5844,_ZSteqIcSt11char_traitsIcESaIcEEbRKNSt7__cxx1112basic_stringIT_T0_T1_EEPKS5_
FN:6264,_ZStneIcSt11char_traitsIcESaIcEEbRKNSt7__cxx1112basic_stringIT_T0_T1_EEPKS5_
FNDA:510,_ZStneIcSt11char_traitsIcESaIcEEbRKNSt7__cxx1112basic_stringIT_T0_T1_EEPKS5_
FN:6586,_ZNSt7__cxx114stodERKNS_12basic_stringIcSt11char_traitsIcESaIcEEEPm
FNDA:277,_ZNSt7__cxx114stodERKNS_12basic_stringIcSt11char_traitsIcESaIcEEEPm
FNF:4
FNH:4
DA:6032,14
DA:6035,14
DA:6036,14
DA:6037,14
DA:6185,5844
DA:6187,5844
DA:6264,510
DA:6266,510
DA:6586,277
DA:6587,277
LF:10
LH:10
end_of_record
SF:/usr/local/include/c++/10.3.0/bits/allocated_ptr.h
FN:52,_ZNSt15__allocated_ptrISaISt10_List_nodeIN3s215Model9Stack_t2_EEEEC1ERS5_PS4_
FNDA:1697,_ZNSt15__allocated_ptrISaISt10_List_nodeIN3s215Model9Stack_t2_EEEEC1ERS5_PS4_
FN:70,_ZNSt15__allocated_ptrISaISt10_List_nodeIN3s215Model9Stack_t2_EEEED1Ev
FNDA:1697,_ZNSt15__allocated_ptrISaISt10_List_nodeIN3s215Model9Stack_t2_EEEED1Ev
FN:78,_ZNSt15__allocated_ptrISaISt10_List_nodeIN3s215Model9Stack_t2_EEEEaSEDn
FNDA:1697,_ZNSt15__allocated_ptrISaISt10_List_nodeIN3s215Model9Stack_t2_EEEEaSEDn
FNF:3
FNH:3
DA:52,1697
DA:53,1697
DA:54,1697
DA:70,1697
DA:72,1697
DA:73,0
DA:74,1697
DA:78,1697
DA:80,1697
DA:81,1697
LF:10
LH:9
end_of_record
SF:/usr/local/include/c++/10.3.0/bits/stl_stack.h
FN:162,_ZNSt5stackIdSt5dequeIdSaIdEEEC1IS2_vEEv
FNDA:112,_ZNSt5stackIdSt5dequeIdSaIdEEEC1IS2_vEEv
FN:199,_ZNKSt5stackIdSt5dequeIdSaIdEEE5emptyEv
FNDA:392,_ZNKSt5stackIdSt5dequeIdSaIdEEE5emptyEv
FN:212,_ZNSt5stackIdSt5dequeIdSaIdEEE3topEv
FNDA:537,_ZNSt5stackIdSt5dequeIdSaIdEEE3topEv
FN:239,_ZNSt5stackIdSt5dequeIdSaIdEEE4pushERKd
FNDA:496,_ZNSt5stackIdSt5dequeIdSaIdEEE4pushERKd
FN:272,_ZNSt5stackIdSt5dequeIdSaIdEEE3popEv
FNDA:392,_ZNSt5stackIdSt5dequeIdSaIdEEE3popEv
FNF:5
FNH:5
DA:162,112
DA:163,112
DA:199,392
DA:200,392
DA:212,537
DA:215,537
DA:239,496
DA:240,496
DA:272,392
DA:275,392
DA:276,392
LF:11
LH:11
end_of_record
SF:/usr/local/include/c++/10.3.0/bits/stl_deque.h
FN:96,_ZSt16__deque_buf_sizem
FNDA:672,_ZSt16__deque_buf_sizem
FN:131,_ZNSt15_Deque_iteratorIdRdPdE14_S_buffer_sizeEv
FNDA:224,_ZNSt15_Deque_iteratorIdRdPdE14_S_buffer_sizeEv
FN:151,_ZNSt15_Deque_iteratorIdRdPdEC1Ev
FNDA:224,_ZNSt15_Deque_iteratorIdRdPdEC1Ev
FN:168,_ZNSt15_Deque_iteratorIdRdPdEC1ERKS2_
FNDA:761,_ZNSt15_Deque_iteratorIdRdPdEC1ERKS2_
FN:180,_ZNKSt15_Deque_iteratorIdRdPdEdeEv
FNDA:537,_ZNKSt15_Deque_iteratorIdRdPdEdeEv
FN:208,_ZNSt15_Deque_iteratorIdRdPdEmmEv
FNDA:537,_ZNSt15_Deque_iteratorIdRdPdEmmEv
FN:260,_ZNSt15_Deque_iteratorIdRdPdE11_M_set_nodeEPS1_
FNDA:224,_ZNSt15_Deque_iteratorIdRdPdE11_M_set_nodeEPS1_
FN:268,_ZSteqRKSt15_Deque_iteratorIdRdPdES4_
FNDA:392,_ZSteqRKSt15_Deque_iteratorIdRdPdES4_
FN:353,_ZStmiRKSt15_Deque_iteratorIdRdPdES4_
FNDA:0,_ZStmiRKSt15_Deque_iteratorIdRdPdES4_
FN:434,_ZNSt11_Deque_baseIdSaIdEEC2Ev
FNDA:112,_ZNSt11_Deque_baseIdSaIdEEC2Ev
FN:492,_ZNSt11_Deque_baseIdSaIdEE16_Deque_impl_dataC2Ev
FNDA:112,_ZNSt11_Deque_baseIdSaIdEE16_Deque_impl_dataC2Ev
FN:521,_ZNSt11_Deque_baseIdSaIdEE11_Deque_implC1Ev
FNDA:112,_ZNSt11_Deque_baseIdSaIdEE11_Deque_implC1Ev
FN:544,_ZNSt11_Deque_baseIdSaIdEE19_M_get_Tp_allocatorEv
FNDA:504,_ZNSt11_Deque_baseIdSaIdEE19_M_get_Tp_allocatorEv
FN:548,_ZNKSt11_Deque_baseIdSaIdEE19_M_get_Tp_allocatorEv
FNDA:224,_ZNKSt11_Deque_baseIdSaIdEE19_M_get_Tp_allocatorEv
FN:552,_ZNKSt11_Deque_baseIdSaIdEE20_M_get_map_allocatorEv
FNDA:224,_ZNKSt11_Deque_baseIdSaIdEE20_M_get_map_allocatorEv
FN:556,_ZNSt11_Deque_baseIdSaIdEE16_M_allocate_nodeEv
FNDA:112,_ZNSt11_Deque_baseIdSaIdEE16_M_allocate_nodeEv
FN:563,_ZNSt11_Deque_baseIdSaIdEE18_M_deallocate_nodeEPd
FNDA:112,_ZNSt11_Deque_baseIdSaIdEE18_M_deallocate_nodeEPd
FN:570,_ZNSt11_Deque_baseIdSaIdEE15_M_allocate_mapEm
FNDA:112,_ZNSt11_Deque_baseIdSaIdEE15_M_allocate_mapEm
FN:577,_ZNSt11_Deque_baseIdSaIdEE17_M_deallocate_mapEPPdm
FNDA:112,_ZNSt11_Deque_baseIdSaIdEE17_M_deallocate_mapEPPdm
FN:593,_ZNSt11_Deque_baseIdSaIdEED2Ev
FNDA:112,_ZNSt11_Deque_baseIdSaIdEED2Ev
FN:614,_ZNSt11_Deque_baseIdSaIdEE17_M_initialize_mapEm
FNDA:112,_ZNSt11_Deque_baseIdSaIdEE17_M_initialize_mapEm
FN:653,_ZNSt11_Deque_baseIdSaIdEE15_M_create_nodesEPPdS3_
FNDA:112,_ZNSt11_Deque_baseIdSaIdEE15_M_create_nodesEPPdS3_
FN:671,_ZNSt11_Deque_baseIdSaIdEE16_M_destroy_nodesEPPdS3_
FNDA:112,_ZNSt11_Deque_baseIdSaIdEE16_M_destroy_nodesEPPdS3_
FN:831,_ZNSt5dequeIdSaIdEEC1Ev
FNDA:112,_ZNSt5dequeIdSaIdEEC1Ev
FN:1003,_ZNSt5dequeIdSaIdEED1Ev
FNDA:112,_ZNSt5dequeIdSaIdEED1Ev
FN:1125,_ZNSt5dequeIdSaIdEE5beginEv
FNDA:112,_ZNSt5dequeIdSaIdEE5beginEv
FN:1142,_ZNSt5dequeIdSaIdEE3endEv
FNDA:649,_ZNSt5dequeIdSaIdEE3endEv
FN:1230,_ZNKSt5dequeIdSaIdEE4sizeEv
FNDA:0,_ZNKSt5dequeIdSaIdEE4sizeEv
FN:1235,_ZNKSt5dequeIdSaIdEE8max_sizeEv
FNDA:0,_ZNKSt5dequeIdSaIdEE8max_sizeEv
FN:1308,_ZNKSt5dequeIdSaIdEE5emptyEv
FNDA:392,_ZNKSt5dequeIdSaIdEE5emptyEv
FN:1424,_ZNSt5dequeIdSaIdEE4backEv
FNDA:537,_ZNSt5dequeIdSaIdEE4backEv
FN:1493,_ZNSt5dequeIdSaIdEE9push_backERKd
FNDA:496,_ZNSt5dequeIdSaIdEE9push_backERKd
FN:1552,_ZNSt5dequeIdSaIdEE8pop_backEv
FNDA:392,_ZNSt5dequeIdSaIdEE8pop_backEv
FN:1831,_ZNSt5dequeIdSaIdEE11_S_max_sizeERKS0_
FNDA:0,_ZNSt5dequeIdSaIdEE11_S_max_sizeERKS0_
FN:2042,_ZNSt5dequeIdSaIdEE15_M_destroy_dataESt15_Deque_iteratorIdRdPdES5_RKS0_
FNDA:112,_ZNSt5dequeIdSaIdEE15_M_destroy_dataESt15_Deque_iteratorIdRdPdES5_RKS0_
FN:2123,_ZNSt5dequeIdSaIdEE22_M_reserve_map_at_backEm
FNDA:0,_ZNSt5dequeIdSaIdEE22_M_reserve_map_at_backEm
FNF:36
FNH:31
DA:96,672
DA:98,672
DA:131,224
DA:132,224
DA:151,224
DA:152,224
DA:168,761
DA:169,761
DA:170,761
DA:180,537
DA:181,537
DA:208,537
DA:210,537
DA:212,0
DA:213,0
DA:215,537
DA:216,537
DA:260,224
DA:262,224
DA:263,224
DA:264,224
DA:265,224
DA:268,392
DA:269,392
DA:353,0
DA:355,0
DA:356,0
DA:357,0
DA:434,112
DA:435,112
DA:436,112
DA:492,112
DA:493,112
DA:494,112
DA:521,112
DA:523,112
DA:524,112
DA:544,504
DA:545,504
DA:548,224
DA:549,224
DA:552,224
DA:553,224
DA:556,112
DA:559,112
DA:563,112
DA:566,112
DA:567,112
DA:570,112
DA:572,224
DA:573,224
DA:577,112
DA:579,224
DA:580,112
DA:581,112
DA:593,112
DA:596,112
DA:598,112
DA:599,112
DA:600,112
DA:602,112
DA:614,112
DA:617,112
DA:620,224
DA:621,112
DA:622,112
DA:629,112
DA:630,112
DA:631,112
DA:634,112
DA:635,0
DA:637,0
DA:638,0
DA:639,0
DA:640,0
DA:643,112
DA:644,112
DA:645,112
DA:646,224
DA:647,112
DA:648,112
DA:649,112
DA:653,112
DA:659,224
DA:660,112
DA:662,0
DA:664,0
DA:665,0
DA:667,112
DA:671,112
DA:675,224
DA:676,112
DA:677,112
DA:831,112
DA:1003,112
DA:1004,112
DA:1125,112
DA:1126,112
DA:1142,649
DA:1143,649
DA:1230,0
DA:1231,0
DA:1235,0
DA:1236,0
DA:1308,392
DA:1309,392
DA:1424,537
DA:1427,537
DA:1428,537
DA:1429,537
DA:1493,496
DA:1495,496
DA:1496,496
DA:1498,496
DA:1500,496
DA:1503,0
DA:1504,496
DA:1552,392
DA:1555,392
DA:1556,392
DA:1558,392
DA:1559,392
DA:1563,0
DA:1564,392
DA:1831,0
DA:1833,0
DA:1834,0
DA:1835,0
DA:2042,112
DA:2047,112
DA:2123,0
DA:2125,0
DA:2126,0
DA:2127,0
DA:2128,0
LF:135
LH:106
end_of_record
SF:/usr/local/include/c++/10.3.0/bits/alloc_traits.h
FN:459,_ZNSt16allocator_traitsISaIdEE8allocateERS0_m
FNDA:0,_ZNSt16allocator_traitsISaIdEE8allocateERS0_m
FN:459,_ZNSt16allocator_traitsISaIPdEE8allocateERS1_m
FNDA:112,_ZNSt16allocator_traitsISaIPdEE8allocateERS1_m
FN:459,_ZNSt16allocator_traitsISaISt10_List_nodeIN3s215Model9Stack_t2_EEEE8allocateERS5_m
FNDA:1697,_ZNSt16allocator_traitsISaISt10_List_nodeIN3s215Model9Stack_t2_EEEE8allocateERS5_m
FN:491,_ZNSt16allocator_traitsISaIdEE10deallocateERS0_Pdm
FNDA:112,_ZNSt16allocator_traitsISaIdEE10deallocateERS0_Pdm
FN:491,_ZNSt16allocator_traitsISaIPdEE10deallocateERS1_PS0_m
FNDA:112,_ZNSt16allocator_traitsISaIPdEE10deallocateERS1_PS0_m
FN:491,_ZNSt16allocator_traitsISaISt10_List_nodeIN3s215Model9Stack_t2_EEEE10deallocateERS5_PS4_m
FNDA:1697,_ZNSt16allocator_traitsISaISt10_List_nodeIN3s215Model9Stack_t2_EEEE10deallocateERS5_PS4_m
FN:507,_ZNSt16allocator_traitsISaISt10_List_nodeIN3s215Model9Stack_t2_EEEE9constructIS3_JRKS3_EEEvRS5_PT_DpOT0_
FNDA:1697,_ZNSt16allocator_traitsISaISt10_List_nodeIN3s215Model9Stack_t2_EEEE9constructIS3_JRKS3_EEEvRS5_PT_DpOT0_
FN:507,_ZNSt16allocator_traitsISaIdEE9constructIdJRKdEEEvRS0_PT_DpOT0_
FNDA:496,_ZNSt16allocator_traitsISaIdEE9constructIdJRKdEEEvRS0_PT_DpOT0_
FN:527,_ZNSt16allocator_traitsISaIdEE7destroyIdEEvRS0_PT_
FNDA:392,_ZNSt16allocator_traitsISaIdEE7destroyIdEEvRS0_PT_
FN:527,_ZNSt16allocator_traitsISaISt10_List_nodeIN3s215Model9Stack_t2_EEEE7destroyIS3_EEvRS5_PT_
FNDA:1697,_ZNSt16allocator_traitsISaISt10_List_nodeIN3s215Model9Stack_t2_EEEE7destroyIS3_EEvRS5_PT_
FN:543,_ZNSt16allocator_traitsISaIdEE8max_sizeERKS0_
FNDA:0,_ZNSt16allocator_traitsISaIdEE8max_sizeERKS0_
FNF:11
FNH:9
DA:459,0
DA:460,0
DA:459,112
DA:460,112
DA:459,1697
DA:460,1697
DA:491,112
DA:492,112
DA:491,112
DA:492,112
DA:491,1697
DA:492,1697
DA:507,1697
DA:512,1697
DA:516,1697
DA:507,496
DA:512,496
DA:516,496
DA:527,392
DA:531,392
DA:535,392
DA:527,1697
DA:531,1697
DA:535,1697
DA:543,0
DA:546,0
LF:26
LH:22
end_of_record
SF:/usr/local/include/c++/10.3.0/bits/cpp_type_traits.h
FN:544,_ZSt12__miter_baseIPPdET_S2_
FNDA:0,_ZSt12__miter_baseIPPdET_S2_
FNF:1
FNH:0
DA:544,0
DA:545,0
LF:2
LH:0
end_of_record
SF:/usr/local/include/c++/10.3.0/ext/aligned_buffer.h
FN:64,_ZN9__gnu_cxx16__aligned_membufIN3s215Model9Stack_t2_EE7_M_addrEv
FNDA:12432,_ZN9__gnu_cxx16__aligned_membufIN3s215Model9Stack_t2_EE7_M_addrEv
FN:72,_ZN9__gnu_cxx16__aligned_membufIN3s215Model9Stack_t2_EE6_M_ptrEv
FNDA:12432,_ZN9__gnu_cxx16__aligned_membufIN3s215Model9Stack_t2_EE6_M_ptrEv
FNF:2
FNH:2
DA:64,12432
DA:65,12432
DA:72,12432
DA:73,12432
LF:4
LH:4
end_of_record
SF:/usr/local/include/c++/10.3.0/bits/allocator.h
FN:144,_ZNSaIdEC2Ev
FNDA:112,_ZNSaIdEC2Ev
FN:144,_ZNSaISt10_List_nodeIN3s215Model9Stack_t2_EEEC2Ev
FNDA:356,_ZNSaISt10_List_nodeIN3s215Model9Stack_t2_EEEC2Ev
FN:157,_ZNSaIPdEC1IdEERKSaIT_E
FNDA:224,_ZNSaIPdEC1IdEERKSaIT_E
FN:162,_ZNSaIPdED1Ev
FNDA:224,_ZNSaIPdED1Ev
FN:162,_ZNSaIdED2Ev
FNDA:0,_ZNSaIdED2Ev
FN:162,_ZNSaISt10_List_nodeIN3s215Model9Stack_t2_EEED2Ev
FNDA:356,_ZNSaISt10_List_nodeIN3s215Model9Stack_t2_EEED2Ev
FNF:6
FNH:5
DA:144,112
DA:144,356
DA:157,224
DA:162,224
DA:162,0
DA:162,356
LF:6
LH:5
end_of_record
SF:/usr/local/include/c++/10.3.0/bits/stl_algobase.h
FN:230,_ZSt3minImERKT_S2_S2_
FNDA:40,_ZSt3minImERKT_S2_S2_
FN:254,_ZSt3maxImERKT_S2_S2_
FNDA:0,_ZSt3maxImERKT_S2_S2_
FN:313,_ZSt12__niter_baseIPPdET_S2_
FNDA:0,_ZSt12__niter_baseIPPdET_S2_
FN:330,_ZSt12__niter_wrapIPPdET_RKS2_S2_
FNDA:0,_ZSt12__niter_wrapIPPdET_RKS2_S2_
FN:415,_ZNSt11__copy_moveILb0ELb1ESt26random_access_iterator_tagE8__copy_mIPdEEPT_PKS4_S7_S5_
FNDA:0,_ZNSt11__copy_moveILb0ELb1ESt26random_access_iterator_tagE8__copy_mIPdEEPT_PKS4_S7_S5_
FN:463,_ZSt14__copy_move_a2ILb0EPPdS1_ET1_T0_S3_S2_
FNDA:0,_ZSt14__copy_move_a2ILb0EPPdS1_ET1_T0_S3_S2_
FN:505,_ZSt14__copy_move_a1ILb0EPPdS1_ET1_T0_S3_S2_
FNDA:0,_ZSt14__copy_move_a1ILb0EPPdS1_ET1_T0_S3_S2_
FN:511,_ZSt13__copy_move_aILb0EPPdS1_ET1_T0_S3_S2_
FNDA:0,_ZSt13__copy_move_aILb0EPPdS1_ET1_T0_S3_S2_
FN:560,_ZSt4copyIPPdS1_ET0_T_S3_S2_
FNDA:0,_ZSt4copyIPPdS1_ET0_T_S3_S2_
FN:680,_ZNSt20__copy_move_backwardILb0ELb1ESt26random_access_iterator_tagE13__copy_move_bIPdEEPT_PKS4_S7_S5_
FNDA:0,_ZNSt20__copy_move_backwardILb0ELb1ESt26random_access_iterator_tagE13__copy_move_bIPdEEPT_PKS4_S7_S5_
FN:699,_ZSt23__copy_move_backward_a2ILb0EPPdS1_ET1_T0_S3_S2_
FNDA:0,_ZSt23__copy_move_backward_a2ILb0EPPdS1_ET1_T0_S3_S2_
FN:717,_ZSt23__copy_move_backward_a1ILb0EPPdS1_ET1_T0_S3_S2_
FNDA:0,_ZSt23__copy_move_backward_a1ILb0EPPdS1_ET1_T0_S3_S2_
FN:745,_ZSt22__copy_move_backward_aILb0EPPdS1_ET1_T0_S3_S2_
FNDA:0,_ZSt22__copy_move_backward_aILb0EPPdS1_ET1_T0_S3_S2_
FN:797,_ZSt13copy_backwardIPPdS1_ET0_T_S3_S2_
FNDA:0,_ZSt13copy_backwardIPPdS1_ET0_T_S3_S2_
FNF:14
FNH:1
DA:230,40
DA:235,40
DA:236,0
DA:237,40
DA:254,0
DA:259,0
DA:260,0
DA:261,0
DA:313,0
DA:315,0
DA:330,0
DA:331,0
DA:415,0
DA:424,0
DA:425,0
DA:426,0
DA:427,0
DA:463,0
DA:472,0
DA:505,0
DA:506,0
DA:511,0
DA:513,0
DA:516,0
DA:560,0
DA:569,0
DA:680,0
DA:689,0
DA:690,0
DA:691,0
DA:692,0
DA:699,0
DA:709,0
DA:711,0
DA:717,0
DA:718,0
DA:745,0
DA:747,0
DA:750,0
DA:797,0
DA:808,0
LF:41
LH:3
end_of_record
SF:/usr/local/include/c++/10.3.0/bits/move.h
FN:49,_ZSt11__addressofISaISt10_List_nodeIN3s215Model9Stack_t2_EEEEPT_RS6_
FNDA:1697,_ZSt11__addressofISaISt10_List_nodeIN3s215Model9Stack_t2_EEEEPT_RS6_
FN:76,_ZSt7forwardIRKdEOT_RNSt16remove_referenceIS2_E4typeE
FNDA:992,_ZSt7forwardIRKdEOT_RNSt16remove_referenceIS2_E4typeE
FN:76,_ZSt7forwardIRKN3s215Model9Stack_t2_EEOT_RNSt16remove_referenceIS5_E4typeE
FNDA:6788,_ZSt7forwardIRKN3s215Model9Stack_t2_EEOT_RNSt16remove_referenceIS5_E4typeE
FNF:3
FNH:3
DA:49,1697
DA:50,1697
DA:76,992
DA:77,992
DA:76,6788
DA:77,6788
LF:6
LH:6
end_of_record
